<?xml version="1.0" encoding="UTF-8"?>
<!-- Generated by org.testng.reporters.JUnitXMLReporter -->
<testsuite ignored="1" hostname="LAPTOP-O9H6208O" failures="1" tests="1" name="TestGoogle" time="3.786" errors="0" timestamp="2025-01-17T17:23:59 IST">
  <testcase classname="com.arj.Tests.FirstTest" name="TestGoogle" time="3.783">
    <failure type="java.lang.AssertionError" message="Title is Mismatched expected [HYR Tutorials - Google Search] but found [Google Search]">
      <![CDATA[java.lang.AssertionError: Title is Mismatched expected [HYR Tutorials - Google Search] but found [Google Search]
at com.arj.Tests.FirstTest.TestGoogle(FirstTest.java:25)
at java.base/java.util.ArrayList.forEach(ArrayList.java:1511)
... Removed 32 stack frames]]>
    </failure>
  </testcase> <!-- TestGoogle -->
  <testcase classname="com.arj.Tests.FirstTest" name="TestFacebook" time="0.0">
    <ignored/>
  </testcase> <!-- TestFacebook -->
</testsuite> <!-- TestGoogle -->
