<?xml version="1.0" encoding="UTF-8"?>
<!-- Generated by org.testng.reporters.JUnitXMLReporter -->
<testsuite ignored="0" hostname="LAPTOP-O9H6208O" failures="0" tests="3" name="Test" time="99.523" errors="0" timestamp="2025-01-20T17:37:14 IST">
  <testcase classname="com.arj.TestVPR.VehiclePrivacyReport" name="verifyVIN" time="27.273"/>
  <testcase classname="com.arj.TestVPR.VehiclePrivacyReport" name="verifyIdentifier" time="26.885"/>
  <testcase classname="com.arj.TestVPR.VehiclePrivacyReport" name="verifyBiometrics" time="23.913"/>
</testsuite> <!-- Test -->
