<?xml version="1.0" encoding="UTF-8"?>
<testng-results ignored="0" total="3" passed="3" failed="0" skipped="0">
  <reporter-output>
  </reporter-output>
  <suite started-at="2025-01-20T17:35:35 IST" name="Suite" finished-at="2025-01-20T17:37:14 IST" duration-ms="99523">
    <groups>
    </groups>
    <test started-at="2025-01-20T17:35:35 IST" name="Test" finished-at="2025-01-20T17:37:14 IST" duration-ms="99523">
      <class name="com.arj.TestVPR.VehiclePrivacyReport">
        <test-method is-config="true" signature="setUpEnvironment()[pri:0, instance:com.arj.TestVPR.VehiclePrivacyReport@74e28667]" started-at="2025-01-20T17:35:35 IST" name="setUpEnvironment" finished-at="2025-01-20T17:35:35 IST" duration-ms="754" status="PASS">
          <reporter-output>
          </reporter-output>
        </test-method> <!-- setUpEnvironment -->
        <test-method is-config="true" signature="beforeClass()[pri:0, instance:com.arj.TestVPR.VehiclePrivacyReport@74e28667]" started-at="2025-01-20T17:35:35 IST" name="beforeClass" finished-at="2025-01-20T17:35:35 IST" duration-ms="1" status="PASS">
          <reporter-output>
          </reporter-output>
        </test-method> <!-- beforeClass -->
        <test-method is-config="true" signature="launchBrowser()[pri:0, instance:com.arj.TestVPR.VehiclePrivacyReport@74e28667]" started-at="2025-01-20T17:35:36 IST" name="launchBrowser" finished-at="2025-01-20T17:35:43 IST" duration-ms="7156" status="PASS">
          <reporter-output>
          </reporter-output>
        </test-method> <!-- launchBrowser -->
        <test-method signature="verifyVIN()[pri:0, instance:com.arj.TestVPR.VehiclePrivacyReport@74e28667]" started-at="2025-01-20T17:35:43 IST" name="verifyVIN" finished-at="2025-01-20T17:36:10 IST" duration-ms="27273" status="PASS">
          <reporter-output>
          </reporter-output>
        </test-method> <!-- verifyVIN -->
        <test-method is-config="true" signature="tearDown()[pri:0, instance:com.arj.TestVPR.VehiclePrivacyReport@74e28667]" started-at="2025-01-20T17:36:10 IST" name="tearDown" finished-at="2025-01-20T17:36:10 IST" duration-ms="277" status="PASS">
          <reporter-output>
          </reporter-output>
        </test-method> <!-- tearDown -->
        <test-method is-config="true" signature="launchBrowser()[pri:0, instance:com.arj.TestVPR.VehiclePrivacyReport@74e28667]" started-at="2025-01-20T17:36:10 IST" name="launchBrowser" finished-at="2025-01-20T17:36:17 IST" duration-ms="6975" status="PASS">
          <reporter-output>
          </reporter-output>
        </test-method> <!-- launchBrowser -->
        <test-method signature="verifyIdentifier()[pri:0, instance:com.arj.TestVPR.VehiclePrivacyReport@74e28667]" started-at="2025-01-20T17:36:17 IST" name="verifyIdentifier" finished-at="2025-01-20T17:36:44 IST" duration-ms="26885" status="PASS">
          <reporter-output>
          </reporter-output>
        </test-method> <!-- verifyIdentifier -->
        <test-method is-config="true" signature="tearDown()[pri:0, instance:com.arj.TestVPR.VehiclePrivacyReport@74e28667]" started-at="2025-01-20T17:36:44 IST" name="tearDown" finished-at="2025-01-20T17:36:44 IST" duration-ms="348" status="PASS">
          <reporter-output>
          </reporter-output>
        </test-method> <!-- tearDown -->
        <test-method is-config="true" signature="launchBrowser()[pri:0, instance:com.arj.TestVPR.VehiclePrivacyReport@74e28667]" started-at="2025-01-20T17:36:44 IST" name="launchBrowser" finished-at="2025-01-20T17:36:50 IST" duration-ms="5579" status="PASS">
          <reporter-output>
          </reporter-output>
        </test-method> <!-- launchBrowser -->
        <test-method signature="verifyBiometrics()[pri:0, instance:com.arj.TestVPR.VehiclePrivacyReport@74e28667]" started-at="2025-01-20T17:36:50 IST" name="verifyBiometrics" finished-at="2025-01-20T17:37:14 IST" duration-ms="23913" status="PASS">
          <reporter-output>
          </reporter-output>
        </test-method> <!-- verifyBiometrics -->
        <test-method is-config="true" signature="tearDown()[pri:0, instance:com.arj.TestVPR.VehiclePrivacyReport@74e28667]" started-at="2025-01-20T17:37:14 IST" name="tearDown" finished-at="2025-01-20T17:37:14 IST" duration-ms="298" status="PASS">
          <reporter-output>
          </reporter-output>
        </test-method> <!-- tearDown -->
        <test-method is-config="true" signature="afterClass()[pri:0, instance:com.arj.TestVPR.VehiclePrivacyReport@74e28667]" started-at="2025-01-20T17:37:14 IST" name="afterClass" finished-at="2025-01-20T17:37:14 IST" duration-ms="1" status="PASS">
          <reporter-output>
          </reporter-output>
        </test-method> <!-- afterClass -->
      </class> <!-- com.arj.TestVPR.VehiclePrivacyReport -->
    </test> <!-- Test -->
  </suite> <!-- Suite -->
</testng-results>
