<?xml version="1.0" encoding="UTF-8"?>
<!-- Generated by org.testng.reporters.JUnitXMLReporter -->
<testsuite ignored="0" hostname="LAPTOP-O9H6208O" failures="2" tests="2" name="VehiclePrivacyReport" time="5.148" errors="0" timestamp="2025-01-17T18:04:15 IST">
  <testcase classname="com.arj.Tests.VehiclePrivacyReport" name="verifyVIN" time="0.005">
    <failure type="java.lang.NullPointerException" message="Cannot invoke &amp;quot;org.openqa.selenium.WebDriver.findElement(org.openqa.selenium.By)&amp;quot; because &amp;quot;this.driver&amp;quot; is null">
      <![CDATA[java.lang.NullPointerException: Cannot invoke "org.openqa.selenium.WebDriver.findElement(org.openqa.selenium.By)" because "this.driver" is null
at com.arj.Tests.VehiclePrivacyReport.verifyVIN(VehiclePrivacyReport.java:29)
at java.base/java.util.ArrayList.forEach(ArrayList.java:1511)
... Removed 27 stack frames]]>
    </failure>
  </testcase> <!-- verifyVIN -->
  <testcase classname="com.arj.Tests.VehiclePrivacyReport" name="verifyIdentifier" time="0.004">
    <failure type="java.lang.NullPointerException" message="Cannot invoke &amp;quot;org.openqa.selenium.WebDriver.findElement(org.openqa.selenium.By)&amp;quot; because &amp;quot;this.driver&amp;quot; is null">
      <![CDATA[java.lang.NullPointerException: Cannot invoke "org.openqa.selenium.WebDriver.findElement(org.openqa.selenium.By)" because "this.driver" is null
at com.arj.Tests.VehiclePrivacyReport.verifyIdentifier(VehiclePrivacyReport.java:36)
at java.base/java.util.ArrayList.forEach(ArrayList.java:1511)
... Removed 27 stack frames]]>
    </failure>
  </testcase> <!-- verifyIdentifier -->
</testsuite> <!-- VehiclePrivacyReport -->
